<?xml version="1.0" encoding="UTF-8"?>
<testsuite xmlns:xsi="http://www.w3.org/2001/XMLSchema-instance" xsi:noNamespaceSchemaLocation="https://maven.apache.org/surefire/maven-surefire-plugin/xsd/surefire-test-report-3.0.xsd" version="3.0" name="com.example.securingweb.SecuringWebApplicationTests" time="1.486" tests="1" errors="0" skipped="0" failures="0">
  <properties>
    <property name="java.specification.version" value="21"/>
    <property name="sun.jnu.encoding" value="UTF-8"/>
    <property name="java.class.path" value="/Users/sunilsrao/codebase/securing-web keycloak/target/test-classes:/Users/sunilsrao/codebase/securing-web keycloak/target/classes:/Users/sunilsrao/.m2/repository/org/springframework/boot/spring-boot-starter-web/3.1.2/spring-boot-starter-web-3.1.2.jar:/Users/sunilsrao/.m2/repository/org/springframework/boot/spring-boot-starter/3.1.2/spring-boot-starter-3.1.2.jar:/Users/sunilsrao/.m2/repository/org/springframework/boot/spring-boot/3.1.2/spring-boot-3.1.2.jar:/Users/sunilsrao/.m2/repository/org/springframework/boot/spring-boot-autoconfigure/3.1.2/spring-boot-autoconfigure-3.1.2.jar:/Users/sunilsrao/.m2/repository/org/springframework/boot/spring-boot-starter-logging/3.1.2/spring-boot-starter-logging-3.1.2.jar:/Users/sunilsrao/.m2/repository/ch/qos/logback/logback-classic/1.4.8/logback-classic-1.4.8.jar:/Users/sunilsrao/.m2/repository/ch/qos/logback/logback-core/1.4.8/logback-core-1.4.8.jar:/Users/sunilsrao/.m2/repository/org/apache/logging/log4j/log4j-to-slf4j/2.20.0/log4j-to-slf4j-2.20.0.jar:/Users/sunilsrao/.m2/repository/org/apache/logging/log4j/log4j-api/2.20.0/log4j-api-2.20.0.jar:/Users/sunilsrao/.m2/repository/org/slf4j/jul-to-slf4j/2.0.7/jul-to-slf4j-2.0.7.jar:/Users/sunilsrao/.m2/repository/jakarta/annotation/jakarta.annotation-api/2.1.1/jakarta.annotation-api-2.1.1.jar:/Users/sunilsrao/.m2/repository/org/yaml/snakeyaml/1.33/snakeyaml-1.33.jar:/Users/sunilsrao/.m2/repository/org/springframework/boot/spring-boot-starter-json/3.1.2/spring-boot-starter-json-3.1.2.jar:/Users/sunilsrao/.m2/repository/com/fasterxml/jackson/datatype/jackson-datatype-jdk8/2.15.2/jackson-datatype-jdk8-2.15.2.jar:/Users/sunilsrao/.m2/repository/com/fasterxml/jackson/datatype/jackson-datatype-jsr310/2.15.2/jackson-datatype-jsr310-2.15.2.jar:/Users/sunilsrao/.m2/repository/com/fasterxml/jackson/module/jackson-module-parameter-names/2.15.2/jackson-module-parameter-names-2.15.2.jar:/Users/sunilsrao/.m2/repository/org/springframework/boot/spring-boot-starter-tomcat/3.1.2/spring-boot-starter-tomcat-3.1.2.jar:/Users/sunilsrao/.m2/repository/org/apache/tomcat/embed/tomcat-embed-core/10.1.11/tomcat-embed-core-10.1.11.jar:/Users/sunilsrao/.m2/repository/org/apache/tomcat/embed/tomcat-embed-el/10.1.11/tomcat-embed-el-10.1.11.jar:/Users/sunilsrao/.m2/repository/org/apache/tomcat/embed/tomcat-embed-websocket/10.1.11/tomcat-embed-websocket-10.1.11.jar:/Users/sunilsrao/.m2/repository/org/springframework/spring-web/6.0.11/spring-web-6.0.11.jar:/Users/sunilsrao/.m2/repository/org/springframework/spring-beans/6.0.11/spring-beans-6.0.11.jar:/Users/sunilsrao/.m2/repository/io/micrometer/micrometer-observation/1.11.2/micrometer-observation-1.11.2.jar:/Users/sunilsrao/.m2/repository/io/micrometer/micrometer-commons/1.11.2/micrometer-commons-1.11.2.jar:/Users/sunilsrao/.m2/repository/org/springframework/spring-webmvc/6.0.11/spring-webmvc-6.0.11.jar:/Users/sunilsrao/.m2/repository/org/springframework/spring-context/6.0.11/spring-context-6.0.11.jar:/Users/sunilsrao/.m2/repository/org/springframework/spring-expression/6.0.11/spring-expression-6.0.11.jar:/Users/sunilsrao/.m2/repository/org/springframework/boot/spring-boot-starter-test/3.1.2/spring-boot-starter-test-3.1.2.jar:/Users/sunilsrao/.m2/repository/org/springframework/boot/spring-boot-test/3.1.2/spring-boot-test-3.1.2.jar:/Users/sunilsrao/.m2/repository/org/springframework/boot/spring-boot-test-autoconfigure/3.1.2/spring-boot-test-autoconfigure-3.1.2.jar:/Users/sunilsrao/.m2/repository/com/jayway/jsonpath/json-path/2.8.0/json-path-2.8.0.jar:/Users/sunilsrao/.m2/repository/org/slf4j/slf4j-api/2.0.7/slf4j-api-2.0.7.jar:/Users/sunilsrao/.m2/repository/jakarta/xml/bind/jakarta.xml.bind-api/4.0.0/jakarta.xml.bind-api-4.0.0.jar:/Users/sunilsrao/.m2/repository/jakarta/activation/jakarta.activation-api/2.1.2/jakarta.activation-api-2.1.2.jar:/Users/sunilsrao/.m2/repository/net/minidev/json-smart/2.4.11/json-smart-2.4.11.jar:/Users/sunilsrao/.m2/repository/net/minidev/accessors-smart/2.4.11/accessors-smart-2.4.11.jar:/Users/sunilsrao/.m2/repository/org/ow2/asm/asm/9.3/asm-9.3.jar:/Users/sunilsrao/.m2/repository/org/assertj/assertj-core/3.24.2/assertj-core-3.24.2.jar:/Users/sunilsrao/.m2/repository/net/bytebuddy/byte-buddy/1.14.5/byte-buddy-1.14.5.jar:/Users/sunilsrao/.m2/repository/org/hamcrest/hamcrest/2.2/hamcrest-2.2.jar:/Users/sunilsrao/.m2/repository/org/junit/jupiter/junit-jupiter/5.9.3/junit-jupiter-5.9.3.jar:/Users/sunilsrao/.m2/repository/org/junit/jupiter/junit-jupiter-api/5.9.3/junit-jupiter-api-5.9.3.jar:/Users/sunilsrao/.m2/repository/org/opentest4j/opentest4j/1.2.0/opentest4j-1.2.0.jar:/Users/sunilsrao/.m2/repository/org/junit/platform/junit-platform-commons/1.9.3/junit-platform-commons-1.9.3.jar:/Users/sunilsrao/.m2/repository/org/apiguardian/apiguardian-api/1.1.2/apiguardian-api-1.1.2.jar:/Users/sunilsrao/.m2/repository/org/junit/jupiter/junit-jupiter-params/5.9.3/junit-jupiter-params-5.9.3.jar:/Users/sunilsrao/.m2/repository/org/junit/jupiter/junit-jupiter-engine/5.9.3/junit-jupiter-engine-5.9.3.jar:/Users/sunilsrao/.m2/repository/org/junit/platform/junit-platform-engine/1.9.3/junit-platform-engine-1.9.3.jar:/Users/sunilsrao/.m2/repository/org/mockito/mockito-core/5.3.1/mockito-core-5.3.1.jar:/Users/sunilsrao/.m2/repository/net/bytebuddy/byte-buddy-agent/1.14.5/byte-buddy-agent-1.14.5.jar:/Users/sunilsrao/.m2/repository/org/objenesis/objenesis/3.3/objenesis-3.3.jar:/Users/sunilsrao/.m2/repository/org/mockito/mockito-junit-jupiter/5.3.1/mockito-junit-jupiter-5.3.1.jar:/Users/sunilsrao/.m2/repository/org/skyscreamer/jsonassert/1.5.1/jsonassert-1.5.1.jar:/Users/sunilsrao/.m2/repository/com/vaadin/external/google/android-json/0.0.20131108.vaadin1/android-json-0.0.20131108.vaadin1.jar:/Users/sunilsrao/.m2/repository/org/springframework/spring-core/6.0.11/spring-core-6.0.11.jar:/Users/sunilsrao/.m2/repository/org/springframework/spring-jcl/6.0.11/spring-jcl-6.0.11.jar:/Users/sunilsrao/.m2/repository/org/springframework/spring-test/6.0.11/spring-test-6.0.11.jar:/Users/sunilsrao/.m2/repository/org/xmlunit/xmlunit-core/2.9.1/xmlunit-core-2.9.1.jar:/Users/sunilsrao/.m2/repository/org/springframework/boot/spring-boot-starter-security/3.1.2/spring-boot-starter-security-3.1.2.jar:/Users/sunilsrao/.m2/repository/org/springframework/spring-aop/6.0.11/spring-aop-6.0.11.jar:/Users/sunilsrao/.m2/repository/org/springframework/security/spring-security-config/6.1.2/spring-security-config-6.1.2.jar:/Users/sunilsrao/.m2/repository/org/springframework/security/spring-security-web/6.1.2/spring-security-web-6.1.2.jar:/Users/sunilsrao/.m2/repository/org/springframework/security/spring-security-test/6.1.2/spring-security-test-6.1.2.jar:/Users/sunilsrao/.m2/repository/org/springframework/security/spring-security-core/6.1.2/spring-security-core-6.1.2.jar:/Users/sunilsrao/.m2/repository/org/springframework/security/spring-security-crypto/6.1.2/spring-security-crypto-6.1.2.jar:/Users/sunilsrao/.m2/repository/org/springframework/boot/spring-boot-starter-oauth2-resource-server/3.1.2/spring-boot-starter-oauth2-resource-server-3.1.2.jar:/Users/sunilsrao/.m2/repository/org/springframework/security/spring-security-oauth2-resource-server/6.1.2/spring-security-oauth2-resource-server-6.1.2.jar:/Users/sunilsrao/.m2/repository/org/springframework/security/spring-security-oauth2-jose/6.1.2/spring-security-oauth2-jose-6.1.2.jar:/Users/sunilsrao/.m2/repository/org/springframework/security/spring-security-oauth2-core/6.1.2/spring-security-oauth2-core-6.1.2.jar:/Users/sunilsrao/.m2/repository/com/nimbusds/nimbus-jose-jwt/9.31/nimbus-jose-jwt-9.31.jar:/Users/sunilsrao/.m2/repository/com/github/stephenc/jcip/jcip-annotations/1.0-1/jcip-annotations-1.0-1.jar:/Users/sunilsrao/.m2/repository/org/keycloak/keycloak-admin-client/23.0.1/keycloak-admin-client-23.0.1.jar:/Users/sunilsrao/.m2/repository/org/keycloak/keycloak-core/23.0.1/keycloak-core-23.0.1.jar:/Users/sunilsrao/.m2/repository/org/keycloak/keycloak-common/23.0.1/keycloak-common-23.0.1.jar:/Users/sunilsrao/.m2/repository/org/jboss/resteasy/resteasy-client/6.2.4.Final/resteasy-client-6.2.4.Final.jar:/Users/sunilsrao/.m2/repository/org/jboss/resteasy/resteasy-client-api/6.2.4.Final/resteasy-client-api-6.2.4.Final.jar:/Users/sunilsrao/.m2/repository/org/jboss/resteasy/resteasy-core-spi/6.2.4.Final/resteasy-core-spi-6.2.4.Final.jar:/Users/sunilsrao/.m2/repository/jakarta/validation/jakarta.validation-api/3.0.2/jakarta.validation-api-3.0.2.jar:/Users/sunilsrao/.m2/repository/org/jboss/resteasy/resteasy-core/6.2.4.Final/resteasy-core-6.2.4.Final.jar:/Users/sunilsrao/.m2/repository/org/jboss/jandex/2.4.3.Final/jandex-2.4.3.Final.jar:/Users/sunilsrao/.m2/repository/org/eclipse/angus/angus-activation/2.0.1/angus-activation-2.0.1.jar:/Users/sunilsrao/.m2/repository/com/ibm/async/asyncutil/0.1.0/asyncutil-0.1.0.jar:/Users/sunilsrao/.m2/repository/org/jboss/logging/jboss-logging/3.5.3.Final/jboss-logging-3.5.3.Final.jar:/Users/sunilsrao/.m2/repository/commons-codec/commons-codec/1.15/commons-codec-1.15.jar:/Users/sunilsrao/.m2/repository/jakarta/ws/rs/jakarta.ws.rs-api/3.1.0/jakarta.ws.rs-api-3.1.0.jar:/Users/sunilsrao/.m2/repository/org/jboss/resteasy/resteasy-multipart-provider/6.2.4.Final/resteasy-multipart-provider-6.2.4.Final.jar:/Users/sunilsrao/.m2/repository/jakarta/mail/jakarta.mail-api/2.1.2/jakarta.mail-api-2.1.2.jar:/Users/sunilsrao/.m2/repository/org/eclipse/angus/angus-mail/1.1.0/angus-mail-1.1.0.jar:/Users/sunilsrao/.m2/repository/org/apache/james/apache-mime4j-dom/0.8.9/apache-mime4j-dom-0.8.9.jar:/Users/sunilsrao/.m2/repository/org/apache/james/apache-mime4j-core/0.8.9/apache-mime4j-core-0.8.9.jar:/Users/sunilsrao/.m2/repository/org/apache/james/apache-mime4j-storage/0.8.9/apache-mime4j-storage-0.8.9.jar:/Users/sunilsrao/.m2/repository/commons-io/commons-io/2.11.0/commons-io-2.11.0.jar:/Users/sunilsrao/.m2/repository/org/jboss/resteasy/resteasy-jackson2-provider/6.2.4.Final/resteasy-jackson2-provider-6.2.4.Final.jar:/Users/sunilsrao/.m2/repository/com/fasterxml/jackson/jakarta/rs/jackson-jakarta-rs-base/2.15.2/jackson-jakarta-rs-base-2.15.2.jar:/Users/sunilsrao/.m2/repository/com/fasterxml/jackson/jakarta/rs/jackson-jakarta-rs-json-provider/2.15.2/jackson-jakarta-rs-json-provider-2.15.2.jar:/Users/sunilsrao/.m2/repository/com/fasterxml/jackson/module/jackson-module-jakarta-xmlbind-annotations/2.15.2/jackson-module-jakarta-xmlbind-annotations-2.15.2.jar:/Users/sunilsrao/.m2/repository/com/github/java-json-tools/json-patch/1.13/json-patch-1.13.jar:/Users/sunilsrao/.m2/repository/com/github/java-json-tools/msg-simple/1.2/msg-simple-1.2.jar:/Users/sunilsrao/.m2/repository/com/github/java-json-tools/btf/1.3/btf-1.3.jar:/Users/sunilsrao/.m2/repository/com/github/java-json-tools/jackson-coreutils/2.0/jackson-coreutils-2.0.jar:/Users/sunilsrao/.m2/repository/org/jboss/resteasy/resteasy-jaxb-provider/6.2.4.Final/resteasy-jaxb-provider-6.2.4.Final.jar:/Users/sunilsrao/.m2/repository/org/glassfish/jaxb/codemodel/4.0.3/codemodel-4.0.3.jar:/Users/sunilsrao/.m2/repository/org/glassfish/jaxb/jaxb-core/4.0.3/jaxb-core-4.0.3.jar:/Users/sunilsrao/.m2/repository/org/glassfish/jaxb/jaxb-jxc/4.0.3/jaxb-jxc-4.0.3.jar:/Users/sunilsrao/.m2/repository/org/glassfish/jaxb/jaxb-runtime/4.0.3/jaxb-runtime-4.0.3.jar:/Users/sunilsrao/.m2/repository/org/glassfish/jaxb/txw2/4.0.3/txw2-4.0.3.jar:/Users/sunilsrao/.m2/repository/org/glassfish/jaxb/jaxb-xjc/4.0.3/jaxb-xjc-4.0.3.jar:/Users/sunilsrao/.m2/repository/org/glassfish/jaxb/xsom/4.0.3/xsom-4.0.3.jar:/Users/sunilsrao/.m2/repository/com/sun/istack/istack-commons-runtime/4.1.2/istack-commons-runtime-4.1.2.jar:/Users/sunilsrao/.m2/repository/com/sun/istack/istack-commons-tools/4.1.2/istack-commons-tools-4.1.2.jar:/Users/sunilsrao/.m2/repository/com/sun/xml/bind/external/relaxng-datatype/4.0.2/relaxng-datatype-4.0.2.jar:/Users/sunilsrao/.m2/repository/com/sun/xml/bind/external/rngom/4.0.2/rngom-4.0.2.jar:/Users/sunilsrao/.m2/repository/org/keycloak/keycloak-servlet-filter-adapter/23.0.1/keycloak-servlet-filter-adapter-23.0.1.jar:/Users/sunilsrao/.m2/repository/org/keycloak/keycloak-adapter-spi/23.0.1/keycloak-adapter-spi-23.0.1.jar:/Users/sunilsrao/.m2/repository/org/keycloak/keycloak-servlet-adapter-spi/23.0.1/keycloak-servlet-adapter-spi-23.0.1.jar:/Users/sunilsrao/.m2/repository/org/keycloak/keycloak-adapter-core/23.0.1/keycloak-adapter-core-23.0.1.jar:/Users/sunilsrao/.m2/repository/org/keycloak/keycloak-crypto-default/23.0.1/keycloak-crypto-default-23.0.1.jar:/Users/sunilsrao/.m2/repository/org/keycloak/keycloak-server-spi/23.0.1/keycloak-server-spi-23.0.1.jar:/Users/sunilsrao/.m2/repository/org/keycloak/keycloak-server-spi-private/23.0.1/keycloak-server-spi-private-23.0.1.jar:/Users/sunilsrao/.m2/repository/org/bouncycastle/bcpkix-jdk18on/1.74/bcpkix-jdk18on-1.74.jar:/Users/sunilsrao/.m2/repository/org/bouncycastle/bcutil-jdk18on/1.74/bcutil-jdk18on-1.74.jar:/Users/sunilsrao/.m2/repository/org/apache/httpcomponents/httpclient/4.5.14/httpclient-4.5.14.jar:/Users/sunilsrao/.m2/repository/org/apache/httpcomponents/httpcore/4.4.16/httpcore-4.4.16.jar:/Users/sunilsrao/.m2/repository/commons-logging/commons-logging/1.2/commons-logging-1.2.jar:/Users/sunilsrao/.m2/repository/org/bouncycastle/bcprov-jdk18on/1.74/bcprov-jdk18on-1.74.jar:/Users/sunilsrao/.m2/repository/com/fasterxml/jackson/core/jackson-core/2.15.2/jackson-core-2.15.2.jar:/Users/sunilsrao/.m2/repository/com/fasterxml/jackson/core/jackson-databind/2.15.2/jackson-databind-2.15.2.jar:/Users/sunilsrao/.m2/repository/com/fasterxml/jackson/core/jackson-annotations/2.15.2/jackson-annotations-2.15.2.jar:/Users/sunilsrao/.m2/repository/org/keycloak/keycloak-spring-boot-starter/23.0.1/keycloak-spring-boot-starter-23.0.1.jar:/Users/sunilsrao/.m2/repository/org/keycloak/keycloak-spring-boot-2-adapter/23.0.1/keycloak-spring-boot-2-adapter-23.0.1.jar:/Users/sunilsrao/.m2/repository/org/keycloak/keycloak-spring-boot-adapter-core/23.0.1/keycloak-spring-boot-adapter-core-23.0.1.jar:/Users/sunilsrao/.m2/repository/org/keycloak/keycloak-authz-client/23.0.1/keycloak-authz-client-23.0.1.jar:/Users/sunilsrao/.m2/repository/org/keycloak/spring-boot-container-bundle/23.0.1/spring-boot-container-bundle-23.0.1.jar:/Users/sunilsrao/.m2/repository/org/keycloak/keycloak-spring-security-adapter/23.0.1/keycloak-spring-security-adapter-23.0.1.jar:/Users/sunilsrao/.m2/repository/org/keycloak/keycloak-policy-enforcer/23.0.1/keycloak-policy-enforcer-23.0.1.jar:/Users/sunilsrao/.m2/repository/org/projectlombok/lombok/1.18.30/lombok-1.18.30.jar:/Users/sunilsrao/.m2/repository/io/projectreactor/reactor-core/3.5.11/reactor-core-3.5.11.jar:/Users/sunilsrao/.m2/repository/org/reactivestreams/reactive-streams/1.0.4/reactive-streams-1.0.4.jar:/Users/sunilsrao/.m2/repository/org/springdoc/springdoc-openapi-starter-webmvc-ui/2.2.0/springdoc-openapi-starter-webmvc-ui-2.2.0.jar:/Users/sunilsrao/.m2/repository/org/springdoc/springdoc-openapi-starter-webmvc-api/2.2.0/springdoc-openapi-starter-webmvc-api-2.2.0.jar:/Users/sunilsrao/.m2/repository/org/springdoc/springdoc-openapi-starter-common/2.2.0/springdoc-openapi-starter-common-2.2.0.jar:/Users/sunilsrao/.m2/repository/io/swagger/core/v3/swagger-core-jakarta/2.2.15/swagger-core-jakarta-2.2.15.jar:/Users/sunilsrao/.m2/repository/org/apache/commons/commons-lang3/3.12.0/commons-lang3-3.12.0.jar:/Users/sunilsrao/.m2/repository/io/swagger/core/v3/swagger-annotations-jakarta/2.2.15/swagger-annotations-jakarta-2.2.15.jar:/Users/sunilsrao/.m2/repository/io/swagger/core/v3/swagger-models-jakarta/2.2.15/swagger-models-jakarta-2.2.15.jar:/Users/sunilsrao/.m2/repository/com/fasterxml/jackson/dataformat/jackson-dataformat-yaml/2.15.2/jackson-dataformat-yaml-2.15.2.jar:/Users/sunilsrao/.m2/repository/org/webjars/swagger-ui/5.2.0/swagger-ui-5.2.0.jar:/Users/sunilsrao/.m2/repository/io/jsonwebtoken/jjwt-api/0.11.5/jjwt-api-0.11.5.jar:/Users/sunilsrao/.m2/repository/io/jsonwebtoken/jjwt-impl/0.11.5/jjwt-impl-0.11.5.jar:/Users/sunilsrao/.m2/repository/io/jsonwebtoken/jjwt-jackson/0.11.5/jjwt-jackson-0.11.5.jar:"/>
    <property name="java.vm.vendor" value="Homebrew"/>
    <property name="sun.arch.data.model" value="64"/>
    <property name="java.vendor.url" value="https://github.com/Homebrew/homebrew-core/issues"/>
    <property name="user.timezone" value="Asia/Kolkata"/>
    <property name="org.jboss.logging.provider" value="slf4j"/>
    <property name="os.name" value="Mac OS X"/>
    <property name="java.vm.specification.version" value="21"/>
    <property name="sun.java.launcher" value="SUN_STANDARD"/>
    <property name="user.country" value="IN"/>
    <property name="sun.boot.library.path" value="/opt/homebrew/Cellar/openjdk/21.0.1/libexec/openjdk.jdk/Contents/Home/lib"/>
    <property name="sun.java.command" value="/Users/sunilsrao/codebase/securing-web keycloak/target/surefire/surefirebooter-20231217220228969_3.jar /Users/sunilsrao/codebase/securing-web keycloak/target/surefire 2023-12-17T22-02-28_926-jvmRun1 surefire-20231217220228969_1tmp surefire_0-20231217220228969_2tmp"/>
    <property name="http.nonProxyHosts" value="local|*.local|169.254/16|*.169.254/16"/>
    <property name="jdk.debug" value="release"/>
    <property name="surefire.test.class.path" value="/Users/sunilsrao/codebase/securing-web keycloak/target/test-classes:/Users/sunilsrao/codebase/securing-web keycloak/target/classes:/Users/sunilsrao/.m2/repository/org/springframework/boot/spring-boot-starter-web/3.1.2/spring-boot-starter-web-3.1.2.jar:/Users/sunilsrao/.m2/repository/org/springframework/boot/spring-boot-starter/3.1.2/spring-boot-starter-3.1.2.jar:/Users/sunilsrao/.m2/repository/org/springframework/boot/spring-boot/3.1.2/spring-boot-3.1.2.jar:/Users/sunilsrao/.m2/repository/org/springframework/boot/spring-boot-autoconfigure/3.1.2/spring-boot-autoconfigure-3.1.2.jar:/Users/sunilsrao/.m2/repository/org/springframework/boot/spring-boot-starter-logging/3.1.2/spring-boot-starter-logging-3.1.2.jar:/Users/sunilsrao/.m2/repository/ch/qos/logback/logback-classic/1.4.8/logback-classic-1.4.8.jar:/Users/sunilsrao/.m2/repository/ch/qos/logback/logback-core/1.4.8/logback-core-1.4.8.jar:/Users/sunilsrao/.m2/repository/org/apache/logging/log4j/log4j-to-slf4j/2.20.0/log4j-to-slf4j-2.20.0.jar:/Users/sunilsrao/.m2/repository/org/apache/logging/log4j/log4j-api/2.20.0/log4j-api-2.20.0.jar:/Users/sunilsrao/.m2/repository/org/slf4j/jul-to-slf4j/2.0.7/jul-to-slf4j-2.0.7.jar:/Users/sunilsrao/.m2/repository/jakarta/annotation/jakarta.annotation-api/2.1.1/jakarta.annotation-api-2.1.1.jar:/Users/sunilsrao/.m2/repository/org/yaml/snakeyaml/1.33/snakeyaml-1.33.jar:/Users/sunilsrao/.m2/repository/org/springframework/boot/spring-boot-starter-json/3.1.2/spring-boot-starter-json-3.1.2.jar:/Users/sunilsrao/.m2/repository/com/fasterxml/jackson/datatype/jackson-datatype-jdk8/2.15.2/jackson-datatype-jdk8-2.15.2.jar:/Users/sunilsrao/.m2/repository/com/fasterxml/jackson/datatype/jackson-datatype-jsr310/2.15.2/jackson-datatype-jsr310-2.15.2.jar:/Users/sunilsrao/.m2/repository/com/fasterxml/jackson/module/jackson-module-parameter-names/2.15.2/jackson-module-parameter-names-2.15.2.jar:/Users/sunilsrao/.m2/repository/org/springframework/boot/spring-boot-starter-tomcat/3.1.2/spring-boot-starter-tomcat-3.1.2.jar:/Users/sunilsrao/.m2/repository/org/apache/tomcat/embed/tomcat-embed-core/10.1.11/tomcat-embed-core-10.1.11.jar:/Users/sunilsrao/.m2/repository/org/apache/tomcat/embed/tomcat-embed-el/10.1.11/tomcat-embed-el-10.1.11.jar:/Users/sunilsrao/.m2/repository/org/apache/tomcat/embed/tomcat-embed-websocket/10.1.11/tomcat-embed-websocket-10.1.11.jar:/Users/sunilsrao/.m2/repository/org/springframework/spring-web/6.0.11/spring-web-6.0.11.jar:/Users/sunilsrao/.m2/repository/org/springframework/spring-beans/6.0.11/spring-beans-6.0.11.jar:/Users/sunilsrao/.m2/repository/io/micrometer/micrometer-observation/1.11.2/micrometer-observation-1.11.2.jar:/Users/sunilsrao/.m2/repository/io/micrometer/micrometer-commons/1.11.2/micrometer-commons-1.11.2.jar:/Users/sunilsrao/.m2/repository/org/springframework/spring-webmvc/6.0.11/spring-webmvc-6.0.11.jar:/Users/sunilsrao/.m2/repository/org/springframework/spring-context/6.0.11/spring-context-6.0.11.jar:/Users/sunilsrao/.m2/repository/org/springframework/spring-expression/6.0.11/spring-expression-6.0.11.jar:/Users/sunilsrao/.m2/repository/org/springframework/boot/spring-boot-starter-test/3.1.2/spring-boot-starter-test-3.1.2.jar:/Users/sunilsrao/.m2/repository/org/springframework/boot/spring-boot-test/3.1.2/spring-boot-test-3.1.2.jar:/Users/sunilsrao/.m2/repository/org/springframework/boot/spring-boot-test-autoconfigure/3.1.2/spring-boot-test-autoconfigure-3.1.2.jar:/Users/sunilsrao/.m2/repository/com/jayway/jsonpath/json-path/2.8.0/json-path-2.8.0.jar:/Users/sunilsrao/.m2/repository/org/slf4j/slf4j-api/2.0.7/slf4j-api-2.0.7.jar:/Users/sunilsrao/.m2/repository/jakarta/xml/bind/jakarta.xml.bind-api/4.0.0/jakarta.xml.bind-api-4.0.0.jar:/Users/sunilsrao/.m2/repository/jakarta/activation/jakarta.activation-api/2.1.2/jakarta.activation-api-2.1.2.jar:/Users/sunilsrao/.m2/repository/net/minidev/json-smart/2.4.11/json-smart-2.4.11.jar:/Users/sunilsrao/.m2/repository/net/minidev/accessors-smart/2.4.11/accessors-smart-2.4.11.jar:/Users/sunilsrao/.m2/repository/org/ow2/asm/asm/9.3/asm-9.3.jar:/Users/sunilsrao/.m2/repository/org/assertj/assertj-core/3.24.2/assertj-core-3.24.2.jar:/Users/sunilsrao/.m2/repository/net/bytebuddy/byte-buddy/1.14.5/byte-buddy-1.14.5.jar:/Users/sunilsrao/.m2/repository/org/hamcrest/hamcrest/2.2/hamcrest-2.2.jar:/Users/sunilsrao/.m2/repository/org/junit/jupiter/junit-jupiter/5.9.3/junit-jupiter-5.9.3.jar:/Users/sunilsrao/.m2/repository/org/junit/jupiter/junit-jupiter-api/5.9.3/junit-jupiter-api-5.9.3.jar:/Users/sunilsrao/.m2/repository/org/opentest4j/opentest4j/1.2.0/opentest4j-1.2.0.jar:/Users/sunilsrao/.m2/repository/org/junit/platform/junit-platform-commons/1.9.3/junit-platform-commons-1.9.3.jar:/Users/sunilsrao/.m2/repository/org/apiguardian/apiguardian-api/1.1.2/apiguardian-api-1.1.2.jar:/Users/sunilsrao/.m2/repository/org/junit/jupiter/junit-jupiter-params/5.9.3/junit-jupiter-params-5.9.3.jar:/Users/sunilsrao/.m2/repository/org/junit/jupiter/junit-jupiter-engine/5.9.3/junit-jupiter-engine-5.9.3.jar:/Users/sunilsrao/.m2/repository/org/junit/platform/junit-platform-engine/1.9.3/junit-platform-engine-1.9.3.jar:/Users/sunilsrao/.m2/repository/org/mockito/mockito-core/5.3.1/mockito-core-5.3.1.jar:/Users/sunilsrao/.m2/repository/net/bytebuddy/byte-buddy-agent/1.14.5/byte-buddy-agent-1.14.5.jar:/Users/sunilsrao/.m2/repository/org/objenesis/objenesis/3.3/objenesis-3.3.jar:/Users/sunilsrao/.m2/repository/org/mockito/mockito-junit-jupiter/5.3.1/mockito-junit-jupiter-5.3.1.jar:/Users/sunilsrao/.m2/repository/org/skyscreamer/jsonassert/1.5.1/jsonassert-1.5.1.jar:/Users/sunilsrao/.m2/repository/com/vaadin/external/google/android-json/0.0.20131108.vaadin1/android-json-0.0.20131108.vaadin1.jar:/Users/sunilsrao/.m2/repository/org/springframework/spring-core/6.0.11/spring-core-6.0.11.jar:/Users/sunilsrao/.m2/repository/org/springframework/spring-jcl/6.0.11/spring-jcl-6.0.11.jar:/Users/sunilsrao/.m2/repository/org/springframework/spring-test/6.0.11/spring-test-6.0.11.jar:/Users/sunilsrao/.m2/repository/org/xmlunit/xmlunit-core/2.9.1/xmlunit-core-2.9.1.jar:/Users/sunilsrao/.m2/repository/org/springframework/boot/spring-boot-starter-security/3.1.2/spring-boot-starter-security-3.1.2.jar:/Users/sunilsrao/.m2/repository/org/springframework/spring-aop/6.0.11/spring-aop-6.0.11.jar:/Users/sunilsrao/.m2/repository/org/springframework/security/spring-security-config/6.1.2/spring-security-config-6.1.2.jar:/Users/sunilsrao/.m2/repository/org/springframework/security/spring-security-web/6.1.2/spring-security-web-6.1.2.jar:/Users/sunilsrao/.m2/repository/org/springframework/security/spring-security-test/6.1.2/spring-security-test-6.1.2.jar:/Users/sunilsrao/.m2/repository/org/springframework/security/spring-security-core/6.1.2/spring-security-core-6.1.2.jar:/Users/sunilsrao/.m2/repository/org/springframework/security/spring-security-crypto/6.1.2/spring-security-crypto-6.1.2.jar:/Users/sunilsrao/.m2/repository/org/springframework/boot/spring-boot-starter-oauth2-resource-server/3.1.2/spring-boot-starter-oauth2-resource-server-3.1.2.jar:/Users/sunilsrao/.m2/repository/org/springframework/security/spring-security-oauth2-resource-server/6.1.2/spring-security-oauth2-resource-server-6.1.2.jar:/Users/sunilsrao/.m2/repository/org/springframework/security/spring-security-oauth2-jose/6.1.2/spring-security-oauth2-jose-6.1.2.jar:/Users/sunilsrao/.m2/repository/org/springframework/security/spring-security-oauth2-core/6.1.2/spring-security-oauth2-core-6.1.2.jar:/Users/sunilsrao/.m2/repository/com/nimbusds/nimbus-jose-jwt/9.31/nimbus-jose-jwt-9.31.jar:/Users/sunilsrao/.m2/repository/com/github/stephenc/jcip/jcip-annotations/1.0-1/jcip-annotations-1.0-1.jar:/Users/sunilsrao/.m2/repository/org/keycloak/keycloak-admin-client/23.0.1/keycloak-admin-client-23.0.1.jar:/Users/sunilsrao/.m2/repository/org/keycloak/keycloak-core/23.0.1/keycloak-core-23.0.1.jar:/Users/sunilsrao/.m2/repository/org/keycloak/keycloak-common/23.0.1/keycloak-common-23.0.1.jar:/Users/sunilsrao/.m2/repository/org/jboss/resteasy/resteasy-client/6.2.4.Final/resteasy-client-6.2.4.Final.jar:/Users/sunilsrao/.m2/repository/org/jboss/resteasy/resteasy-client-api/6.2.4.Final/resteasy-client-api-6.2.4.Final.jar:/Users/sunilsrao/.m2/repository/org/jboss/resteasy/resteasy-core-spi/6.2.4.Final/resteasy-core-spi-6.2.4.Final.jar:/Users/sunilsrao/.m2/repository/jakarta/validation/jakarta.validation-api/3.0.2/jakarta.validation-api-3.0.2.jar:/Users/sunilsrao/.m2/repository/org/jboss/resteasy/resteasy-core/6.2.4.Final/resteasy-core-6.2.4.Final.jar:/Users/sunilsrao/.m2/repository/org/jboss/jandex/2.4.3.Final/jandex-2.4.3.Final.jar:/Users/sunilsrao/.m2/repository/org/eclipse/angus/angus-activation/2.0.1/angus-activation-2.0.1.jar:/Users/sunilsrao/.m2/repository/com/ibm/async/asyncutil/0.1.0/asyncutil-0.1.0.jar:/Users/sunilsrao/.m2/repository/org/jboss/logging/jboss-logging/3.5.3.Final/jboss-logging-3.5.3.Final.jar:/Users/sunilsrao/.m2/repository/commons-codec/commons-codec/1.15/commons-codec-1.15.jar:/Users/sunilsrao/.m2/repository/jakarta/ws/rs/jakarta.ws.rs-api/3.1.0/jakarta.ws.rs-api-3.1.0.jar:/Users/sunilsrao/.m2/repository/org/jboss/resteasy/resteasy-multipart-provider/6.2.4.Final/resteasy-multipart-provider-6.2.4.Final.jar:/Users/sunilsrao/.m2/repository/jakarta/mail/jakarta.mail-api/2.1.2/jakarta.mail-api-2.1.2.jar:/Users/sunilsrao/.m2/repository/org/eclipse/angus/angus-mail/1.1.0/angus-mail-1.1.0.jar:/Users/sunilsrao/.m2/repository/org/apache/james/apache-mime4j-dom/0.8.9/apache-mime4j-dom-0.8.9.jar:/Users/sunilsrao/.m2/repository/org/apache/james/apache-mime4j-core/0.8.9/apache-mime4j-core-0.8.9.jar:/Users/sunilsrao/.m2/repository/org/apache/james/apache-mime4j-storage/0.8.9/apache-mime4j-storage-0.8.9.jar:/Users/sunilsrao/.m2/repository/commons-io/commons-io/2.11.0/commons-io-2.11.0.jar:/Users/sunilsrao/.m2/repository/org/jboss/resteasy/resteasy-jackson2-provider/6.2.4.Final/resteasy-jackson2-provider-6.2.4.Final.jar:/Users/sunilsrao/.m2/repository/com/fasterxml/jackson/jakarta/rs/jackson-jakarta-rs-base/2.15.2/jackson-jakarta-rs-base-2.15.2.jar:/Users/sunilsrao/.m2/repository/com/fasterxml/jackson/jakarta/rs/jackson-jakarta-rs-json-provider/2.15.2/jackson-jakarta-rs-json-provider-2.15.2.jar:/Users/sunilsrao/.m2/repository/com/fasterxml/jackson/module/jackson-module-jakarta-xmlbind-annotations/2.15.2/jackson-module-jakarta-xmlbind-annotations-2.15.2.jar:/Users/sunilsrao/.m2/repository/com/github/java-json-tools/json-patch/1.13/json-patch-1.13.jar:/Users/sunilsrao/.m2/repository/com/github/java-json-tools/msg-simple/1.2/msg-simple-1.2.jar:/Users/sunilsrao/.m2/repository/com/github/java-json-tools/btf/1.3/btf-1.3.jar:/Users/sunilsrao/.m2/repository/com/github/java-json-tools/jackson-coreutils/2.0/jackson-coreutils-2.0.jar:/Users/sunilsrao/.m2/repository/org/jboss/resteasy/resteasy-jaxb-provider/6.2.4.Final/resteasy-jaxb-provider-6.2.4.Final.jar:/Users/sunilsrao/.m2/repository/org/glassfish/jaxb/codemodel/4.0.3/codemodel-4.0.3.jar:/Users/sunilsrao/.m2/repository/org/glassfish/jaxb/jaxb-core/4.0.3/jaxb-core-4.0.3.jar:/Users/sunilsrao/.m2/repository/org/glassfish/jaxb/jaxb-jxc/4.0.3/jaxb-jxc-4.0.3.jar:/Users/sunilsrao/.m2/repository/org/glassfish/jaxb/jaxb-runtime/4.0.3/jaxb-runtime-4.0.3.jar:/Users/sunilsrao/.m2/repository/org/glassfish/jaxb/txw2/4.0.3/txw2-4.0.3.jar:/Users/sunilsrao/.m2/repository/org/glassfish/jaxb/jaxb-xjc/4.0.3/jaxb-xjc-4.0.3.jar:/Users/sunilsrao/.m2/repository/org/glassfish/jaxb/xsom/4.0.3/xsom-4.0.3.jar:/Users/sunilsrao/.m2/repository/com/sun/istack/istack-commons-runtime/4.1.2/istack-commons-runtime-4.1.2.jar:/Users/sunilsrao/.m2/repository/com/sun/istack/istack-commons-tools/4.1.2/istack-commons-tools-4.1.2.jar:/Users/sunilsrao/.m2/repository/com/sun/xml/bind/external/relaxng-datatype/4.0.2/relaxng-datatype-4.0.2.jar:/Users/sunilsrao/.m2/repository/com/sun/xml/bind/external/rngom/4.0.2/rngom-4.0.2.jar:/Users/sunilsrao/.m2/repository/org/keycloak/keycloak-servlet-filter-adapter/23.0.1/keycloak-servlet-filter-adapter-23.0.1.jar:/Users/sunilsrao/.m2/repository/org/keycloak/keycloak-adapter-spi/23.0.1/keycloak-adapter-spi-23.0.1.jar:/Users/sunilsrao/.m2/repository/org/keycloak/keycloak-servlet-adapter-spi/23.0.1/keycloak-servlet-adapter-spi-23.0.1.jar:/Users/sunilsrao/.m2/repository/org/keycloak/keycloak-adapter-core/23.0.1/keycloak-adapter-core-23.0.1.jar:/Users/sunilsrao/.m2/repository/org/keycloak/keycloak-crypto-default/23.0.1/keycloak-crypto-default-23.0.1.jar:/Users/sunilsrao/.m2/repository/org/keycloak/keycloak-server-spi/23.0.1/keycloak-server-spi-23.0.1.jar:/Users/sunilsrao/.m2/repository/org/keycloak/keycloak-server-spi-private/23.0.1/keycloak-server-spi-private-23.0.1.jar:/Users/sunilsrao/.m2/repository/org/bouncycastle/bcpkix-jdk18on/1.74/bcpkix-jdk18on-1.74.jar:/Users/sunilsrao/.m2/repository/org/bouncycastle/bcutil-jdk18on/1.74/bcutil-jdk18on-1.74.jar:/Users/sunilsrao/.m2/repository/org/apache/httpcomponents/httpclient/4.5.14/httpclient-4.5.14.jar:/Users/sunilsrao/.m2/repository/org/apache/httpcomponents/httpcore/4.4.16/httpcore-4.4.16.jar:/Users/sunilsrao/.m2/repository/commons-logging/commons-logging/1.2/commons-logging-1.2.jar:/Users/sunilsrao/.m2/repository/org/bouncycastle/bcprov-jdk18on/1.74/bcprov-jdk18on-1.74.jar:/Users/sunilsrao/.m2/repository/com/fasterxml/jackson/core/jackson-core/2.15.2/jackson-core-2.15.2.jar:/Users/sunilsrao/.m2/repository/com/fasterxml/jackson/core/jackson-databind/2.15.2/jackson-databind-2.15.2.jar:/Users/sunilsrao/.m2/repository/com/fasterxml/jackson/core/jackson-annotations/2.15.2/jackson-annotations-2.15.2.jar:/Users/sunilsrao/.m2/repository/org/keycloak/keycloak-spring-boot-starter/23.0.1/keycloak-spring-boot-starter-23.0.1.jar:/Users/sunilsrao/.m2/repository/org/keycloak/keycloak-spring-boot-2-adapter/23.0.1/keycloak-spring-boot-2-adapter-23.0.1.jar:/Users/sunilsrao/.m2/repository/org/keycloak/keycloak-spring-boot-adapter-core/23.0.1/keycloak-spring-boot-adapter-core-23.0.1.jar:/Users/sunilsrao/.m2/repository/org/keycloak/keycloak-authz-client/23.0.1/keycloak-authz-client-23.0.1.jar:/Users/sunilsrao/.m2/repository/org/keycloak/spring-boot-container-bundle/23.0.1/spring-boot-container-bundle-23.0.1.jar:/Users/sunilsrao/.m2/repository/org/keycloak/keycloak-spring-security-adapter/23.0.1/keycloak-spring-security-adapter-23.0.1.jar:/Users/sunilsrao/.m2/repository/org/keycloak/keycloak-policy-enforcer/23.0.1/keycloak-policy-enforcer-23.0.1.jar:/Users/sunilsrao/.m2/repository/org/projectlombok/lombok/1.18.30/lombok-1.18.30.jar:/Users/sunilsrao/.m2/repository/io/projectreactor/reactor-core/3.5.11/reactor-core-3.5.11.jar:/Users/sunilsrao/.m2/repository/org/reactivestreams/reactive-streams/1.0.4/reactive-streams-1.0.4.jar:/Users/sunilsrao/.m2/repository/org/springdoc/springdoc-openapi-starter-webmvc-ui/2.2.0/springdoc-openapi-starter-webmvc-ui-2.2.0.jar:/Users/sunilsrao/.m2/repository/org/springdoc/springdoc-openapi-starter-webmvc-api/2.2.0/springdoc-openapi-starter-webmvc-api-2.2.0.jar:/Users/sunilsrao/.m2/repository/org/springdoc/springdoc-openapi-starter-common/2.2.0/springdoc-openapi-starter-common-2.2.0.jar:/Users/sunilsrao/.m2/repository/io/swagger/core/v3/swagger-core-jakarta/2.2.15/swagger-core-jakarta-2.2.15.jar:/Users/sunilsrao/.m2/repository/org/apache/commons/commons-lang3/3.12.0/commons-lang3-3.12.0.jar:/Users/sunilsrao/.m2/repository/io/swagger/core/v3/swagger-annotations-jakarta/2.2.15/swagger-annotations-jakarta-2.2.15.jar:/Users/sunilsrao/.m2/repository/io/swagger/core/v3/swagger-models-jakarta/2.2.15/swagger-models-jakarta-2.2.15.jar:/Users/sunilsrao/.m2/repository/com/fasterxml/jackson/dataformat/jackson-dataformat-yaml/2.15.2/jackson-dataformat-yaml-2.15.2.jar:/Users/sunilsrao/.m2/repository/org/webjars/swagger-ui/5.2.0/swagger-ui-5.2.0.jar:/Users/sunilsrao/.m2/repository/io/jsonwebtoken/jjwt-api/0.11.5/jjwt-api-0.11.5.jar:/Users/sunilsrao/.m2/repository/io/jsonwebtoken/jjwt-impl/0.11.5/jjwt-impl-0.11.5.jar:/Users/sunilsrao/.m2/repository/io/jsonwebtoken/jjwt-jackson/0.11.5/jjwt-jackson-0.11.5.jar:"/>
    <property name="sun.cpu.endian" value="little"/>
    <property name="user.home" value="/Users/sunilsrao"/>
    <property name="user.language" value="en"/>
    <property name="java.specification.vendor" value="Oracle Corporation"/>
    <property name="java.version.date" value="2023-10-17"/>
    <property name="java.home" value="/opt/homebrew/Cellar/openjdk/21.0.1/libexec/openjdk.jdk/Contents/Home"/>
    <property name="file.separator" value="/"/>
    <property name="basedir" value="/Users/sunilsrao/codebase/securing-web keycloak"/>
    <property name="java.vm.compressedOopsMode" value="Zero based"/>
    <property name="line.separator" value="&#10;"/>
    <property name="java.vm.specification.vendor" value="Oracle Corporation"/>
    <property name="java.specification.name" value="Java Platform API Specification"/>
    <property name="FILE_LOG_CHARSET" value="UTF-8"/>
    <property name="java.awt.headless" value="true"/>
    <property name="apple.awt.application.name" value="ForkedBooter"/>
    <property name="surefire.real.class.path" value="/Users/sunilsrao/codebase/securing-web keycloak/target/surefire/surefirebooter-20231217220228969_3.jar"/>
    <property name="sun.management.compiler" value="HotSpot 64-Bit Tiered Compilers"/>
    <property name="ftp.nonProxyHosts" value="local|*.local|169.254/16|*.169.254/16"/>
    <property name="java.runtime.version" value="21.0.1"/>
    <property name="user.name" value="sunilsrao"/>
    <property name="stdout.encoding" value="UTF-8"/>
    <property name="path.separator" value=":"/>
    <property name="os.version" value="14.1.1"/>
    <property name="java.runtime.name" value="OpenJDK Runtime Environment"/>
    <property name="file.encoding" value="UTF-8"/>
    <property name="java.vm.name" value="OpenJDK 64-Bit Server VM"/>
    <property name="java.vendor.version" value="Homebrew"/>
    <property name="localRepository" value="/Users/sunilsrao/.m2/repository"/>
    <property name="java.vendor.url.bug" value="https://github.com/Homebrew/homebrew-core/issues"/>
    <property name="java.io.tmpdir" value="/var/folders/dk/z2_2n2jx0597t656tgljvw7h0000gp/T/"/>
    <property name="java.version" value="21.0.1"/>
    <property name="user.dir" value="/Users/sunilsrao/codebase/securing-web keycloak"/>
    <property name="os.arch" value="aarch64"/>
    <property name="java.vm.specification.name" value="Java Virtual Machine Specification"/>
    <property name="PID" value="98047"/>
    <property name="CONSOLE_LOG_CHARSET" value="UTF-8"/>
    <property name="native.encoding" value="UTF-8"/>
    <property name="java.library.path" value="/Users/sunilsrao/Library/Java/Extensions:/Library/Java/Extensions:/Network/Library/Java/Extensions:/System/Library/Java/Extensions:/usr/lib/java:."/>
    <property name="java.vm.info" value="mixed mode, sharing"/>
    <property name="stderr.encoding" value="UTF-8"/>
    <property name="java.vendor" value="Homebrew"/>
    <property name="java.vm.version" value="21.0.1"/>
    <property name="sun.io.unicode.encoding" value="UnicodeBig"/>
    <property name="socksNonProxyHosts" value="local|*.local|169.254/16|*.169.254/16"/>
    <property name="java.class.version" value="65.0"/>
  </properties>
  <testcase name="contextLoads" classname="com.example.securingweb.SecuringWebApplicationTests" time="0.435">
    <system-out><![CDATA[22:02:29.364 [main] INFO org.springframework.test.context.support.AnnotationConfigContextLoaderUtils -- Could not detect default configuration classes for test class [com.example.securingweb.SecuringWebApplicationTests]: SecuringWebApplicationTests does not declare any static, non-private, non-final, nested classes annotated with @Configuration.
22:02:29.406 [main] INFO org.springframework.boot.test.context.SpringBootTestContextBootstrapper -- Found @SpringBootConfiguration com.example.securingweb.SecuringWebApplication for test class com.example.securingweb.SecuringWebApplicationTests

  .   ____          _            __ _ _
 /\\ / ___'_ __ _ _(_)_ __  __ _ \ \ \ \
( ( )\___ | '_ | '_| | '_ \/ _` | \ \ \ \
 \\/  ___)| |_)| | | | | || (_| |  ) ) ) )
  '  |____| .__|_| |_|_| |_\__, | / / / /
 =========|_|==============|___/=/_/_/_/
 :: Spring Boot ::                (v3.1.2)

2023-12-17T22:02:29.562+05:30  INFO 98047 --- [           main] c.e.s.SecuringWebApplicationTests        : Starting SecuringWebApplicationTests using Java 21.0.1 with PID 98047 (started by sunilsrao in /Users/sunilsrao/codebase/securing-web keycloak)
2023-12-17T22:02:29.562+05:30  INFO 98047 --- [           main] c.e.s.SecuringWebApplicationTests        : No active profile set, falling back to 1 default profile: "default"
2023-12-17T22:02:30.090+05:30  INFO 98047 --- [           main] o.s.s.web.DefaultSecurityFilterChain     : Will secure any request with [org.springframework.security.web.session.DisableEncodeUrlFilter@1fbf088b, org.springframework.security.web.context.request.async.WebAsyncManagerIntegrationFilter@1943c1f2, org.springframework.security.web.context.SecurityContextHolderFilter@1668919e, org.springframework.security.web.header.HeaderWriterFilter@631cb129, org.springframework.security.web.authentication.logout.LogoutFilter@2954f6ab, org.keycloak.adapters.authorization.integration.jakarta.ServletPolicyEnforcerFilter@d70f722, org.springframework.security.web.savedrequest.RequestCacheAwareFilter@22c53d82, org.springframework.security.web.servletapi.SecurityContextHolderAwareRequestFilter@45c9b3, org.springframework.security.web.authentication.AnonymousAuthenticationFilter@1e1eeedd, org.springframework.security.web.session.SessionManagementFilter@3238e2aa, org.springframework.security.web.access.ExceptionTranslationFilter@682af059]
2023-12-17T22:02:30.322+05:30  INFO 98047 --- [           main] c.e.s.SecuringWebApplicationTests        : Started SecuringWebApplicationTests in 0.86 seconds (process running for 1.305)
]]></system-out>
    <system-err><![CDATA[WARNING: A Java agent has been loaded dynamically (/Users/sunilsrao/.m2/repository/net/bytebuddy/byte-buddy-agent/1.14.5/byte-buddy-agent-1.14.5.jar)
WARNING: If a serviceability tool is in use, please run with -XX:+EnableDynamicAgentLoading to hide this warning
WARNING: If a serviceability tool is not in use, please run with -Djdk.instrument.traceUsage for more information
WARNING: Dynamic loading of agents will be disallowed by default in a future release
]]></system-err>
  </testcase>
</testsuite>